[ShiftResolver] Iniciando carga v5.0...
[ShiftResolver] Carga finalizada v5.0.
[Admin] Validando carga v13.3...

--- V8 PUBLICATION ENGINE (Version 140) ---
Mode: DRY RUN
Weeks: 2026-10-05, 2026-10-12, 2026-10-19, 2026-10-26, 2026-11-02, 2026-11-09, 2026-11-16, 2026-11-23, 2026-11-30, 2026-12-07, 2026-12-14, 2026-12-21, 2026-12-28
Hotels: Cumbria Spa&Hotel, Sercotel Guadiana

Fetching global data...

Existing publications detected in target scope: none
[V9] Loaded 6240 Excel V9 order entries.

[SNAPSHOT] Processing Cumbria Spa&Hotel | 2026-10-05...
node : [SNAPSHOT] Regenerando datos para Cumbria Spa&Hotel (no cache found)
En línea: 9 Carácter: 1
+ node publish_v8.js --dry-run --version=140 --weeks="$q4Str" --hotels= ...
+ ~~~~~~~~~~~~~~~~~~~~~~~~~~~~~~~~~~~~~~~~~~~~~~~~~~~~~~~~~~~~~~~~~~~~~
    + CategoryInfo          : NotSpecified: ([SNAPSHOT] Rege...no cache found):String) [], RemoteException
    + FullyQualifiedErrorId : NativeCommandError
 
- Status: Generated 5 rows | 0 pins found.
- Dry Run: Would insert version 140.

[SNAPSHOT] Processing Sercotel Guadiana | 2026-10-05...
[SNAPSHOT] Regenerando datos para Sercotel Guadiana (no cache found)
- Status: Generated 6 rows | 0 pins found.
- Dry Run: Would insert version 140.

[SNAPSHOT] Processing Cumbria Spa&Hotel | 2026-10-12...
[SNAPSHOT] Regenerando datos para Cumbria Spa&Hotel (no cache found)
- Status: Generated 5 rows | 0 pins found.
- Dry Run: Would insert version 140.

[SNAPSHOT] Processing Sercotel Guadiana | 2026-10-12...
[SNAPSHOT] Regenerando datos para Sercotel Guadiana (no cache found)
- Status: Generated 6 rows | 0 pins found.
- Dry Run: Would insert version 140.

[SNAPSHOT] Processing Cumbria Spa&Hotel | 2026-10-19...
[SNAPSHOT] Regenerando datos para Cumbria Spa&Hotel (no cache found)
- Status: Generated 5 rows | 0 pins found.
- Dry Run: Would insert version 140.

[SNAPSHOT] Processing Sercotel Guadiana | 2026-10-19...
[SNAPSHOT] Regenerando datos para Sercotel Guadiana (no cache found)
- Status: Generated 6 rows | 0 pins found.
- Dry Run: Would insert version 140.

[SNAPSHOT] Processing Cumbria Spa&Hotel | 2026-10-26...
[SNAPSHOT] Regenerando datos para Cumbria Spa&Hotel (no cache found)
- Status: Generated 5 rows | 0 pins found.
- Dry Run: Would insert version 140.

[SNAPSHOT] Processing Sercotel Guadiana | 2026-10-26...
[SNAPSHOT] Regenerando datos para Sercotel Guadiana (no cache found)
- Status: Generated 6 rows | 0 pins found.
- Dry Run: Would insert version 140.

[SNAPSHOT] Processing Cumbria Spa&Hotel | 2026-11-02...
[SNAPSHOT] Regenerando datos para Cumbria Spa&Hotel (no cache found)
- Status: Generated 5 rows | 0 pins found.
- Dry Run: Would insert version 140.

[SNAPSHOT] Processing Sercotel Guadiana | 2026-11-02...
[SNAPSHOT] Regenerando datos para Sercotel Guadiana (no cache found)
- Status: Generated 6 rows | 0 pins found.
- Dry Run: Would insert version 140.

[SNAPSHOT] Processing Cumbria Spa&Hotel | 2026-11-09...
[SNAPSHOT] Regenerando datos para Cumbria Spa&Hotel (no cache found)
- Status: Generated 5 rows | 0 pins found.
- Dry Run: Would insert version 140.

[SNAPSHOT] Processing Sercotel Guadiana | 2026-11-09...
[SNAPSHOT] Regenerando datos para Sercotel Guadiana (no cache found)
- Status: Generated 6 rows | 0 pins found.
- Dry Run: Would insert version 140.

[SNAPSHOT] Processing Cumbria Spa&Hotel | 2026-11-16...
[SNAPSHOT] Regenerando datos para Cumbria Spa&Hotel (no cache found)
- Status: Generated 5 rows | 0 pins found.
- Dry Run: Would insert version 140.

[SNAPSHOT] Processing Sercotel Guadiana | 2026-11-16...
[SNAPSHOT] Regenerando datos para Sercotel Guadiana (no cache found)
- Status: Generated 6 rows | 0 pins found.
- Dry Run: Would insert version 140.

[SNAPSHOT] Processing Cumbria Spa&Hotel | 2026-11-23...
[SNAPSHOT] Regenerando datos para Cumbria Spa&Hotel (no cache found)
- Status: Generated 5 rows | 0 pins found.
- Dry Run: Would insert version 140.

[SNAPSHOT] Processing Sercotel Guadiana | 2026-11-23...
[SNAPSHOT] Regenerando datos para Sercotel Guadiana (no cache found)
- Status: Generated 5 rows | 0 pins found.
- Dry Run: Would insert version 140.

[SNAPSHOT] Processing Cumbria Spa&Hotel | 2026-11-30...
[SNAPSHOT] Regenerando datos para Cumbria Spa&Hotel (no cache found)
- Status: Generated 5 rows | 0 pins found.
- Dry Run: Would insert version 140.

[SNAPSHOT] Processing Sercotel Guadiana | 2026-11-30...
[SNAPSHOT] Regenerando datos para Sercotel Guadiana (no cache found)
- Status: Generated 5 rows | 0 pins found.
- Dry Run: Would insert version 140.

[SNAPSHOT] Processing Cumbria Spa&Hotel | 2026-12-07...
[SNAPSHOT] Regenerando datos para Cumbria Spa&Hotel (no cache found)
- Status: Generated 5 rows | 0 pins found.
- Dry Run: Would insert version 140.

[SNAPSHOT] Processing Sercotel Guadiana | 2026-12-07...
[SNAPSHOT] Regenerando datos para Sercotel Guadiana (no cache found)
- Status: Generated 5 rows | 0 pins found.
- Dry Run: Would insert version 140.

[SNAPSHOT] Processing Cumbria Spa&Hotel | 2026-12-14...
[SNAPSHOT] Regenerando datos para Cumbria Spa&Hotel (no cache found)
- Status: Generated 5 rows | 0 pins found.
- Dry Run: Would insert version 140.

[SNAPSHOT] Processing Sercotel Guadiana | 2026-12-14...
[SNAPSHOT] Regenerando datos para Sercotel Guadiana (no cache found)
- Status: Generated 5 rows | 0 pins found.
- Dry Run: Would insert version 140.

[SNAPSHOT] Processing Cumbria Spa&Hotel | 2026-12-21...
[SNAPSHOT] Regenerando datos para Cumbria Spa&Hotel (no cache found)
- Status: Generated 5 rows | 0 pins found.
- Dry Run: Would insert version 140.

[SNAPSHOT] Processing Sercotel Guadiana | 2026-12-21...
[SNAPSHOT] Regenerando datos para Sercotel Guadiana (no cache found)
- Status: Generated 5 rows | 0 pins found.
- Dry Run: Would insert version 140.

[SNAPSHOT] Processing Cumbria Spa&Hotel | 2026-12-28...
[SNAPSHOT] Regenerando datos para Cumbria Spa&Hotel (no cache found)
- Status: Generated 5 rows | 0 pins found.
- Dry Run: Would insert version 140.

[SNAPSHOT] Processing Sercotel Guadiana | 2026-12-28...
[SNAPSHOT] Regenerando datos para Sercotel Guadiana (no cache found)
- Status: Generated 5 rows | 0 pins found.
- Dry Run: Would insert version 140.

--- FINAL SUMMARY ---
Total snapshots processed: 26
Escrituras realizadas: 0
