[ShiftResolver] Iniciando carga v5.0...
[ShiftResolver] Carga finalizada v5.0.
[Admin] Validando carga v13.3...

--- V8 PUBLICATION ENGINE (Version 141) ---
Mode: DRY RUN
Weeks: 2024-12-30, 2025-01-06, 2025-01-13, 2025-01-20, 2025-01-27, 2025-02-03, 2025-02-10, 2025-02-17, 2025-02-24, 2025-03-03, 2025-03-10, 2025-03-17, 2025-03-24
Hotels: Cumbria Spa&Hotel, Sercotel Guadiana

Fetching global data...

Existing publications detected in target scope: none
[V9] Loaded 6240 Excel V9 order entries.

[SNAPSHOT] Processing Cumbria Spa&Hotel | 2024-12-30...
node : [SNAPSHOT] Regenerando datos para Cumbria Spa&Hotel (no cache found)
En línea: 8 Carácter: 1
+ node publish_v8.js --dry-run --version=141 --weeks="$q1Str" --hotels= ...
+ ~~~~~~~~~~~~~~~~~~~~~~~~~~~~~~~~~~~~~~~~~~~~~~~~~~~~~~~~~~~~~~~~~~~~~
    + CategoryInfo          : NotSpecified: ([SNAPSHOT] Rege...no cache found):String) [], RemoteException
    + FullyQualifiedErrorId : NativeCommandError
 
- Skipping Cumbria Spa&Hotel | 2024-12-30: No snapshot generated (likely no data).

[SNAPSHOT] Processing Sercotel Guadiana | 2024-12-30...
[SNAPSHOT] Regenerando datos para Sercotel Guadiana (no cache found)
- Skipping Sercotel Guadiana | 2024-12-30: No snapshot generated (likely no data).

[SNAPSHOT] Processing Cumbria Spa&Hotel | 2025-01-06...
[SNAPSHOT] Regenerando datos para Cumbria Spa&Hotel (no cache found)
- Status: Generated 5 rows | 0 pins found.
- Dry Run: Would insert version 141.

[SNAPSHOT] Processing Sercotel Guadiana | 2025-01-06...
[SNAPSHOT] Regenerando datos para Sercotel Guadiana (no cache found)
- Status: Generated 5 rows | 0 pins found.
- Dry Run: Would insert version 141.

[SNAPSHOT] Processing Cumbria Spa&Hotel | 2025-01-13...
[SNAPSHOT] Regenerando datos para Cumbria Spa&Hotel (no cache found)
- Status: Generated 5 rows | 0 pins found.
- Dry Run: Would insert version 141.

[SNAPSHOT] Processing Sercotel Guadiana | 2025-01-13...
[SNAPSHOT] Regenerando datos para Sercotel Guadiana (no cache found)
- Status: Generated 5 rows | 0 pins found.
- Dry Run: Would insert version 141.

[SNAPSHOT] Processing Cumbria Spa&Hotel | 2025-01-20...
[SNAPSHOT] Regenerando datos para Cumbria Spa&Hotel (no cache found)
- Status: Generated 5 rows | 0 pins found.
- Dry Run: Would insert version 141.

[SNAPSHOT] Processing Sercotel Guadiana | 2025-01-20...
[SNAPSHOT] Regenerando datos para Sercotel Guadiana (no cache found)
- Status: Generated 5 rows | 0 pins found.
- Dry Run: Would insert version 141.

[SNAPSHOT] Processing Cumbria Spa&Hotel | 2025-01-27...
[SNAPSHOT] Regenerando datos para Cumbria Spa&Hotel (no cache found)
- Status: Generated 5 rows | 0 pins found.
- Dry Run: Would insert version 141.

[SNAPSHOT] Processing Sercotel Guadiana | 2025-01-27...
[SNAPSHOT] Regenerando datos para Sercotel Guadiana (no cache found)
- Status: Generated 5 rows | 0 pins found.
- Dry Run: Would insert version 141.

[SNAPSHOT] Processing Cumbria Spa&Hotel | 2025-02-03...
[SNAPSHOT] Regenerando datos para Cumbria Spa&Hotel (no cache found)
- Status: Generated 5 rows | 0 pins found.
- Dry Run: Would insert version 141.

[SNAPSHOT] Processing Sercotel Guadiana | 2025-02-03...
[SNAPSHOT] Regenerando datos para Sercotel Guadiana (no cache found)
- Status: Generated 5 rows | 0 pins found.
- Dry Run: Would insert version 141.

[SNAPSHOT] Processing Cumbria Spa&Hotel | 2025-02-10...
[SNAPSHOT] Regenerando datos para Cumbria Spa&Hotel (no cache found)
- Status: Generated 5 rows | 0 pins found.
- Dry Run: Would insert version 141.

[SNAPSHOT] Processing Sercotel Guadiana | 2025-02-10...
[SNAPSHOT] Regenerando datos para Sercotel Guadiana (no cache found)
- Status: Generated 5 rows | 0 pins found.
- Dry Run: Would insert version 141.

[SNAPSHOT] Processing Cumbria Spa&Hotel | 2025-02-17...
[SNAPSHOT] Regenerando datos para Cumbria Spa&Hotel (no cache found)
- Status: Generated 5 rows | 0 pins found.
- Dry Run: Would insert version 141.

[SNAPSHOT] Processing Sercotel Guadiana | 2025-02-17...
[SNAPSHOT] Regenerando datos para Sercotel Guadiana (no cache found)
- Status: Generated 5 rows | 0 pins found.
- Dry Run: Would insert version 141.

[SNAPSHOT] Processing Cumbria Spa&Hotel | 2025-02-24...
[SNAPSHOT] Regenerando datos para Cumbria Spa&Hotel (no cache found)
- Status: Generated 5 rows | 0 pins found.
- Dry Run: Would insert version 141.

[SNAPSHOT] Processing Sercotel Guadiana | 2025-02-24...
[SNAPSHOT] Regenerando datos para Sercotel Guadiana (no cache found)
- Status: Generated 5 rows | 0 pins found.
- Dry Run: Would insert version 141.

[SNAPSHOT] Processing Cumbria Spa&Hotel | 2025-03-03...
[SNAPSHOT] Regenerando datos para Cumbria Spa&Hotel (no cache found)
- Status: Generated 5 rows | 0 pins found.
- Dry Run: Would insert version 141.

[SNAPSHOT] Processing Sercotel Guadiana | 2025-03-03...
[SNAPSHOT] Regenerando datos para Sercotel Guadiana (no cache found)
- Status: Generated 5 rows | 0 pins found.
- Dry Run: Would insert version 141.

[SNAPSHOT] Processing Cumbria Spa&Hotel | 2025-03-10...
[SNAPSHOT] Regenerando datos para Cumbria Spa&Hotel (no cache found)
- Status: Generated 5 rows | 0 pins found.
- Dry Run: Would insert version 141.

[SNAPSHOT] Processing Sercotel Guadiana | 2025-03-10...
[SNAPSHOT] Regenerando datos para Sercotel Guadiana (no cache found)
- Status: Generated 5 rows | 0 pins found.
- Dry Run: Would insert version 141.

[SNAPSHOT] Processing Cumbria Spa&Hotel | 2025-03-17...
[SNAPSHOT] Regenerando datos para Cumbria Spa&Hotel (no cache found)
- Status: Generated 5 rows | 0 pins found.
- Dry Run: Would insert version 141.

[SNAPSHOT] Processing Sercotel Guadiana | 2025-03-17...
[SNAPSHOT] Regenerando datos para Sercotel Guadiana (no cache found)
- Status: Generated 5 rows | 0 pins found.
- Dry Run: Would insert version 141.

[SNAPSHOT] Processing Cumbria Spa&Hotel | 2025-03-24...
[SNAPSHOT] Regenerando datos para Cumbria Spa&Hotel (no cache found)
- Status: Generated 5 rows | 0 pins found.
- Dry Run: Would insert version 141.

[SNAPSHOT] Processing Sercotel Guadiana | 2025-03-24...
[SNAPSHOT] Regenerando datos para Sercotel Guadiana (no cache found)
- Status: Generated 5 rows | 0 pins found.
- Dry Run: Would insert version 141.

--- FINAL SUMMARY ---
Total snapshots processed: 24
Escrituras realizadas: 0
